Flutter crash report.
Please report a bug at https://github.com/flutter/flutter/issues.

## command

flutter build apk --debug --no-tree-shake-icons

## exception

ProcessException: ProcessException: Process exited abnormally with exit code 1:

FAILURE: Build failed with an exception.

* What went wrong:
Cannot locate tasks that match 'app:tasks' as project 'app' not found in root project 'android'.

* Try:
> Run gradlew projects to get a list of available projects.
> For more on name expansion, please refer to https://docs.gradle.org/8.3/userguide/command_line_interface.html#sec:name_abbreviation in the Gradle documentation.
> Run with --stacktrace option to get the stack trace.
> Run with --info or --debug option to get more log output.
> Run with --scan to get full insights.
> Get more help at https://help.gradle.org.

BUILD FAILED in 1s
  Command: D:\AAWS\nammaooru\shop-management-system\mobile\shop-owner-app\android\gradlew.bat app:tasks --all --console=auto

```
#0      RunResult.throwException (package:flutter_tools/src/base/process.dart:122:5)
#1      _DefaultProcessUtils.run (package:flutter_tools/src/base/process.dart:370:19)
<asynchronous suspension>
#2      flavorUndefinedHandler.<anonymous closure> (package:flutter_tools/src/android/gradle_errors.dart:269:38)
<asynchronous suspension>
#3      AndroidGradleBuilder.buildGradleApp (package:flutter_tools/src/android/gradle.dart:505:40)
<asynchronous suspension>
#4      AndroidGradleBuilder.buildApk (package:flutter_tools/src/android/gradle.dart:224:5)
<asynchronous suspension>
#5      BuildApkCommand.runCommand (package:flutter_tools/src/commands/build_apk.dart:141:5)
<asynchronous suspension>
#6      FlutterCommand.run.<anonymous closure> (package:flutter_tools/src/runner/flutter_command.dart:1408:27)
<asynchronous suspension>
#7      AppContext.run.<anonymous closure> (package:flutter_tools/src/base/context.dart:153:19)
<asynchronous suspension>
#8      CommandRunner.runCommand (package:args/command_runner.dart:212:13)
<asynchronous suspension>
#9      FlutterCommandRunner.runCommand.<anonymous closure> (package:flutter_tools/src/runner/flutter_command_runner.dart:420:9)
<asynchronous suspension>
#10     AppContext.run.<anonymous closure> (package:flutter_tools/src/base/context.dart:153:19)
<asynchronous suspension>
#11     FlutterCommandRunner.runCommand (package:flutter_tools/src/runner/flutter_command_runner.dart:364:5)
<asynchronous suspension>
#12     run.<anonymous closure>.<anonymous closure> (package:flutter_tools/runner.dart:130:9)
<asynchronous suspension>
#13     AppContext.run.<anonymous closure> (package:flutter_tools/src/base/context.dart:153:19)
<asynchronous suspension>
#14     main (package:flutter_tools/executable.dart:93:3)
<asynchronous suspension>
```

## flutter doctor

```
[!] Flutter (Channel [user-branch], 3.24.4, on Microsoft Windows [Version 10.0.26100.6584], locale en-IN)
    ! Flutter version 3.24.4 on channel [user-branch] at C:\flutter
      Currently on an unknown channel. Run `flutter channel` to switch to an official channel.
      If that doesn't fix the issue, reinstall Flutter by following instructions at https://flutter.dev/setup.
    ! Upstream repository unknown source is not a standard remote.
      Set environment variable "FLUTTER_GIT_URL" to unknown source to dismiss this error.
    • Framework revision 603104015d (11 months ago), 2024-10-24 08:01:25 -0700
    • Engine revision db49896cf2
    • Dart version 3.5.4
    • DevTools version 2.37.3
    • If those were intentional, you can disregard the above warnings; however it is recommended to use "git" directly to perform update checks and upgrades.

[✓] Windows Version (Installed version of Windows is version 10 or higher)

[!] Android toolchain - develop for Android devices (Android SDK version 35.0.0)
    • Android SDK at C:\Users\MVNLA\AppData\Local\Android\Sdk
    • Platform android-36, build-tools 35.0.0
    • ANDROID_HOME = C:\Users\MVNLA\AppData\Local\Android\Sdk
    • ANDROID_SDK_ROOT = C:\Users\MVNLA\AppData\Local\Android\Sdk
    • Java binary at: C:\Program Files\Eclipse Adoptium\jdk-17.0.15.6-hotspot\bin\java
    • Java version OpenJDK Runtime Environment Temurin-17.0.15+6 (build 17.0.15+6)
    ! Some Android licenses not accepted. To resolve this, run: flutter doctor --android-licenses

[✓] Chrome - develop for the web
    • Chrome at C:\Program Files\Google\Chrome\Application\chrome.exe

[!] Visual Studio - develop Windows apps (Visual Studio Build Tools 2019 16.11.7)
    • Visual Studio at C:\Program Files (x86)\Microsoft Visual Studio\2019\BuildTools
    • Visual Studio Build Tools 2019 version 16.11.31911.196
    • Windows 10 SDK version 10.0.17763.0
    ✗ The current Visual Studio installation is incomplete.
      Please use Visual Studio Installer to complete the installation or reinstall Visual Studio.

[✓] Android Studio (version 2020.3)
    • Android Studio at C:\Program Files\Android\Android Studio
    • Flutter plugin can be installed from:
      🔨 https://plugins.jetbrains.com/plugin/9212-flutter
    • Dart plugin can be installed from:
      🔨 https://plugins.jetbrains.com/plugin/6351-dart
    • Java version OpenJDK Runtime Environment (build 11.0.10+0-b96-7249189)

[✓] VS Code (version 1.104.1)
    • VS Code at C:\Users\MVNLA\AppData\Local\Programs\Microsoft VS Code
    • Flutter extension version 3.118.0

[✓] Connected device (3 available)
    • Windows (desktop) • windows • windows-x64    • Microsoft Windows [Version 10.0.26100.6584]
    • Chrome (web)      • chrome  • web-javascript • Google Chrome 140.0.7339.128
    • Edge (web)        • edge    • web-javascript • Microsoft Edge 140.0.3485.81

[✓] Network resources
    • All expected network resources are available.

! Doctor found issues in 3 categories.
```
